0 info it worked if it ends with ok
1 verbose cli [ 'node', '/usr/local/bin/npm', 'docs', 'jade' ]
2 info using npm@1.3.11
3 info using node@v0.10.21
4 verbose url raw jade/latest
5 verbose url resolving [ 'http://npm.hacknodejs.com/', './jade/latest' ]
6 verbose url resolved http://npm.hacknodejs.com/jade/latest
7 info trying registry request attempt 1 at 17:10:57
8 http GET http://npm.hacknodejs.com/jade/latest
9 info retry will retry, error on last attempt: Error: getaddrinfo ENOTFOUND
10 info trying registry request attempt 2 at 17:11:07
11 http GET http://npm.hacknodejs.com/jade/latest
12 info retry will retry, error on last attempt: Error: getaddrinfo ENOTFOUND
13 info trying registry request attempt 3 at 17:12:07
14 http GET http://npm.hacknodejs.com/jade/latest
15 error network getaddrinfo ENOTFOUND
15 error network This is most likely not a problem with npm itself
15 error network and is related to network connectivity.
15 error network In most cases you are behind a proxy or have bad network settings.
15 error network
15 error network If you are behind a proxy, please make sure that the
15 error network 'proxy' config is set properly.  See: 'npm help config'
16 error System Darwin 11.4.2
17 error command "node" "/usr/local/bin/npm" "docs" "jade"
18 error cwd /Users/ouyangtao/work/develop/wb_develop_structure
19 error node -v v0.10.21
20 error npm -v 1.3.11
21 error syscall getaddrinfo
22 error code ENOTFOUND
23 error errno ENOTFOUND
24 verbose exit [ 1, true ]
